<?xml version="1.0" encoding="UTF-8"?>
<!-- Generated by org.testng.reporters.JUnitXMLReporter -->
<testsuite ignored="0" hostname="Realme_SlimBook" failures="0" tests="3" name="Test" time="22.806" errors="0" timestamp="2024-05-12T21:19:03 IST">
  <testcase classname="com.SwagLabs.TestCases.OverviewPageTest" name="verfiyUrl" time="0.018"/>
  <testcase classname="com.SwagLabs.TestCases.OverviewPageTest" name="verfiyTitle" time="0.017"/>
  <testcase classname="com.SwagLabs.TestCases.OverviewPageTest" name="verfiyOverviewOfOrder" time="0.466"/>
</testsuite> <!-- Test -->
