<?xml version="1.0" encoding="UTF-8"?>
<testsuite xmlns:xsi="http://www.w3.org/2001/XMLSchema-instance" xsi:noNamespaceSchemaLocation="https://maven.apache.org/surefire/maven-surefire-plugin/xsd/surefire-test-report-3.0.xsd" version="3.0" name="TestSuite" time="23.845" tests="3" errors="0" skipped="0" failures="0">
  <properties>
[...]
</properties>
  <testcase name="verfiyUrl" classname="com.SwagLabs.TestCases.OverviewPageTest" time="0.021">
    <system-out><![CDATA[*****Login********
Title is: Swag Labs
******Inventory Page*****
Total Products are: 6
*****Product details*****
Sauce Labs Backpack
Sauce Labs Bike Light
Sauce Labs Bolt T-Shirt
Sauce Labs Fleece Jacket
Sauce Labs Onesie
Test.allTheThings() T-Shirt (Red)
Selected Product added to the Cart: Sauce Labs Bike Light
*******Cart Page*********
Product removed Successfully
Inventory page will open!
Selected Product added to the Cart: Sauce Labs Bolt T-Shirt
On click Navigate to Checkout page!
*******Checkout Page*********
User Fillup the detials for Checkout
Firstname: Jay
Lastname: Nigade
Postal code: 411047
*******Overview Page*********
Url is matched: https://www.saucedemo.com/checkout-step-two.html
]]></system-out>
    <system-err><![CDATA[SLF4J: Failed to load class "org.slf4j.impl.StaticLoggerBinder".
SLF4J: Defaulting to no-operation (NOP) logger implementation
SLF4J: See http://www.slf4j.org/codes.html#StaticLoggerBinder for further details.
May 12, 2024 9:18:42 PM org.openqa.selenium.devtools.CdpVersionFinder findNearestMatch
WARNING: Unable to find an exact match for CDP version 124, returning the closest version; found: 121; Please update to a Selenium version that supports CDP version 124
]]></system-err>
  </testcase>
  <testcase name="verfiyTitle" classname="com.SwagLabs.TestCases.OverviewPageTest" time="0.016">
    <system-out><![CDATA[Title is matched: Swag Labs
]]></system-out>
  </testcase>
  <testcase name="verfiyOverviewOfOrder" classname="com.SwagLabs.TestCases.OverviewPageTest" time="0.466">
    <system-out><![CDATA[QTYDescription
1
Sauce Labs Bolt T-Shirt
Get your testing superhero on with the Sauce Labs bolt T-shirt. From American Apparel, 100% ringspun combed cotton, heather gray with red bolt.
$15.99
Payment Information:
SauceCard #31337
Shipping Information:
Free Pony Express Delivery!
Price Total
Item total: $15.99
Tax: $1.28
Total: $17.27
Cancel
Finish
Thank you for your order!
]]></system-out>
  </testcase>
</testsuite>