<?xml version="1.0" encoding="UTF-8"?>
<testng-results ignored="0" total="3" passed="3" failed="0" skipped="0">
  <reporter-output>
  </reporter-output>
  <suite started-at="2024-05-12T21:12:40 IST" name="Suite" finished-at="2024-05-12T21:13:03 IST" duration-ms="22696">
    <groups>
    </groups>
    <test started-at="2024-05-12T21:12:40 IST" name="Test" finished-at="2024-05-12T21:13:03 IST" duration-ms="22696">
      <class name="com.SwagLabs.TestCases.OverviewPageTest">
        <test-method is-config="true" signature="setUpReport()[pri:0, instance:com.SwagLabs.TestCases.OverviewPageTest@5d534f5d]" started-at="2024-05-12T21:12:40 IST" name="setUpReport" finished-at="2024-05-12T21:12:40 IST" duration-ms="260" status="PASS">
          <reporter-output>
          </reporter-output>
        </test-method> <!-- setUpReport -->
        <test-method is-config="true" signature="browserSetup()[pri:0, instance:com.SwagLabs.TestCases.OverviewPageTest@5d534f5d]" started-at="2024-05-12T21:12:40 IST" name="browserSetup" finished-at="2024-05-12T21:12:42 IST" duration-ms="2517" status="PASS">
          <reporter-output>
          </reporter-output>
        </test-method> <!-- browserSetup -->
        <test-method is-config="true" signature="pageSetUp()[pri:0, instance:com.SwagLabs.TestCases.OverviewPageTest@5d534f5d]" started-at="2024-05-12T21:12:42 IST" name="pageSetUp" finished-at="2024-05-12T21:13:02 IST" duration-ms="19463" status="PASS">
          <reporter-output>
          </reporter-output>
        </test-method> <!-- pageSetUp -->
        <test-method signature="verfiyUrl()[pri:1, instance:com.SwagLabs.TestCases.OverviewPageTest@5d534f5d]" started-at="2024-05-12T21:13:02 IST" name="verfiyUrl" finished-at="2024-05-12T21:13:02 IST" duration-ms="23" status="PASS">
          <reporter-output>
          </reporter-output>
        </test-method> <!-- verfiyUrl -->
        <test-method signature="verfiyTitle()[pri:2, instance:com.SwagLabs.TestCases.OverviewPageTest@5d534f5d]" started-at="2024-05-12T21:13:02 IST" name="verfiyTitle" finished-at="2024-05-12T21:13:02 IST" duration-ms="13" status="PASS">
          <reporter-output>
          </reporter-output>
        </test-method> <!-- verfiyTitle -->
        <test-method signature="verfiyOverviewOfOrder()[pri:3, instance:com.SwagLabs.TestCases.OverviewPageTest@5d534f5d]" started-at="2024-05-12T21:13:02 IST" name="verfiyOverviewOfOrder" finished-at="2024-05-12T21:13:02 IST" duration-ms="448" status="PASS">
          <reporter-output>
          </reporter-output>
        </test-method> <!-- verfiyOverviewOfOrder -->
        <test-method is-config="true" signature="tearDown()[pri:0, instance:com.SwagLabs.TestCases.OverviewPageTest@5d534f5d]" started-at="2024-05-12T21:13:02 IST" name="tearDown" finished-at="2024-05-12T21:13:03 IST" duration-ms="194" status="PASS">
          <reporter-output>
          </reporter-output>
        </test-method> <!-- tearDown -->
        <test-method is-config="true" signature="reportFlush()[pri:0, instance:com.SwagLabs.TestCases.OverviewPageTest@5d534f5d]" started-at="2024-05-12T21:13:03 IST" name="reportFlush" finished-at="2024-05-12T21:13:03 IST" duration-ms="304" status="PASS">
          <reporter-output>
          </reporter-output>
        </test-method> <!-- reportFlush -->
      </class> <!-- com.SwagLabs.TestCases.OverviewPageTest -->
    </test> <!-- Test -->
  </suite> <!-- Suite -->
</testng-results>
